<?xml version="1.0" encoding="UTF-8"?>
<checkstyle version="8.8">
<file name="/home/vedaang/Downloads/ser515-Undefined/src/test/java/com/groupesan/project/java/scrumsimulator/mainpackage/core/UserTest.java">
<error line="35" severity="warning" message="&apos;lambda arguments&apos; has incorrect indentation level 24, expected level should be 20." source="com.puppycrawl.tools.checkstyle.checks.indentation.IndentationCheck"/>
<error line="36" severity="warning" message="&apos;block&apos; child has incorrect indentation level 28, expected level should be 24." source="com.puppycrawl.tools.checkstyle.checks.indentation.IndentationCheck"/>
<error line="37" severity="warning" message="&apos;block rcurly&apos; has incorrect indentation level 24, expected level should be 20." source="com.puppycrawl.tools.checkstyle.checks.indentation.IndentationCheck"/>
</file>
<file name="/home/vedaang/Downloads/ser515-Undefined/src/test/java/com/groupesan/project/java/scrumsimulator/mainpackage/core/ScrumRoleTest.java">
<error line="3" severity="warning" message="Using the &apos;.*&apos; form of import should be avoided - org.junit.jupiter.api.Assertions.*." source="com.puppycrawl.tools.checkstyle.checks.imports.AvoidStarImportCheck"/>
<error line="26" severity="warning" message="&apos;lambda arguments&apos; has incorrect indentation level 24, expected level should be 20." source="com.puppycrawl.tools.checkstyle.checks.indentation.IndentationCheck"/>
<error line="27" severity="warning" message="&apos;block&apos; child has incorrect indentation level 28, expected level should be 24." source="com.puppycrawl.tools.checkstyle.checks.indentation.IndentationCheck"/>
<error line="28" severity="warning" message="&apos;block rcurly&apos; has incorrect indentation level 24, expected level should be 20." source="com.puppycrawl.tools.checkstyle.checks.indentation.IndentationCheck"/>
</file>
<file name="/home/vedaang/Downloads/ser515-Undefined/src/test/java/com/groupesan/project/java/scrumsimulator/mainpackage/state/UserStoryStateTest.java">
<error line="18" severity="warning" message="&apos;lambda arguments&apos; has incorrect indentation level 16, expected level should be 12." source="com.puppycrawl.tools.checkstyle.checks.indentation.IndentationCheck"/>
<error line="19" severity="warning" message="&apos;lambda arguments&apos; has incorrect indentation level 16, expected level should be 12." source="com.puppycrawl.tools.checkstyle.checks.indentation.IndentationCheck"/>
<error line="20" severity="warning" message="&apos;lambda arguments&apos; has incorrect indentation level 16, expected level should be 12." source="com.puppycrawl.tools.checkstyle.checks.indentation.IndentationCheck"/>
<error line="28" severity="warning" message="&apos;lambda arguments&apos; has incorrect indentation level 16, expected level should be 12." source="com.puppycrawl.tools.checkstyle.checks.indentation.IndentationCheck"/>
<error line="29" severity="warning" message="&apos;lambda arguments&apos; has incorrect indentation level 16, expected level should be 12." source="com.puppycrawl.tools.checkstyle.checks.indentation.IndentationCheck"/>
<error line="30" severity="warning" message="&apos;lambda arguments&apos; has incorrect indentation level 16, expected level should be 12." source="com.puppycrawl.tools.checkstyle.checks.indentation.IndentationCheck"/>
<error line="38" severity="warning" message="&apos;lambda arguments&apos; has incorrect indentation level 16, expected level should be 12." source="com.puppycrawl.tools.checkstyle.checks.indentation.IndentationCheck"/>
<error line="39" severity="warning" message="&apos;lambda arguments&apos; has incorrect indentation level 16, expected level should be 12." source="com.puppycrawl.tools.checkstyle.checks.indentation.IndentationCheck"/>
<error line="40" severity="warning" message="&apos;lambda arguments&apos; has incorrect indentation level 16, expected level should be 12." source="com.puppycrawl.tools.checkstyle.checks.indentation.IndentationCheck"/>
<error line="48" severity="warning" message="&apos;lambda arguments&apos; has incorrect indentation level 16, expected level should be 12." source="com.puppycrawl.tools.checkstyle.checks.indentation.IndentationCheck"/>
<error line="49" severity="warning" message="&apos;lambda arguments&apos; has incorrect indentation level 16, expected level should be 12." source="com.puppycrawl.tools.checkstyle.checks.indentation.IndentationCheck"/>
<error line="50" severity="warning" message="&apos;lambda arguments&apos; has incorrect indentation level 16, expected level should be 12." source="com.puppycrawl.tools.checkstyle.checks.indentation.IndentationCheck"/>
</file>
<file name="/home/vedaang/Downloads/ser515-Undefined/src/test/java/com/groupesan/project/java/scrumsimulator/mainpackage/state/SimulationStateTest.java">
</file>
<file name="/home/vedaang/Downloads/ser515-Undefined/src/test/java/com/groupesan/project/java/scrumsimulator/mainpackage/impl/ScrumRoleFactoryTest.java">
</file>
<file name="/home/vedaang/Downloads/ser515-Undefined/src/test/java/com/groupesan/project/java/scrumsimulator/mainpackage/impl/UserStoryTest.java">
<error line="14" column="5" severity="warning" message="Missing a Javadoc comment." source="com.puppycrawl.tools.checkstyle.checks.javadoc.JavadocMethodCheck"/>
<error line="29" severity="warning" message="&apos;lambda arguments&apos; has incorrect indentation level 24, expected level should be 20." source="com.puppycrawl.tools.checkstyle.checks.indentation.IndentationCheck"/>
<error line="30" severity="warning" message="&apos;block&apos; child has incorrect indentation level 28, expected level should be 24." source="com.puppycrawl.tools.checkstyle.checks.indentation.IndentationCheck"/>
<error line="31" severity="warning" message="&apos;block rcurly&apos; has incorrect indentation level 24, expected level should be 20." source="com.puppycrawl.tools.checkstyle.checks.indentation.IndentationCheck"/>
<error line="40" severity="warning" message="First sentence of Javadoc is missing an ending period." source="com.puppycrawl.tools.checkstyle.checks.javadoc.SummaryJavadocCheck"/>
</file>
<file name="/home/vedaang/Downloads/ser515-Undefined/src/test/java/com/groupesan/project/java/scrumsimulator/mainpackage/ui/panels/SimulationPaneTest.java">
<error line="14" severity="warning" message="Line is longer than 100 characters (found 102)." source="com.puppycrawl.tools.checkstyle.checks.sizes.LineLengthCheck"/>
</file>
<file name="/home/vedaang/Downloads/ser515-Undefined/src/test/java/com/groupesan/project/java/scrumsimulator/mainpackage/ui/panels/DemoPaneTest.java">
</file>
</checkstyle>
